<?xml version="1.0" encoding="UTF-8"?>
<!-- Generated by org.testng.reporters.JUnitReportReporter -->
<testsuite hostname="DESKTOP-LIHQ7GQ" failures="0" tests="3" name="testNgxample.LoginTest" time="0.082" errors="0" timestamp="2023-10-24T14:01:27 IST" skipped="0">
  <testcase classname="testNgxample.LoginTest" name="homepage" time="0.069"/>
  <testcase classname="testNgxample.LoginTest" name="bloginTest" time="0.008"/>
  <testcase classname="testNgxample.LoginTest" name="alogoutTest" time="0.005"/>
</testsuite> <!-- testNgxample.LoginTest -->
