<?xml version="1.0" encoding="UTF-8"?>
<!-- Generated by org.testng.reporters.JUnitReportReporter -->
<testsuite hostname="DESKTOP-LIHQ7GQ" failures="0" tests="2" name="testNgxample.BeforeAfterTest" time="0.007" errors="0" timestamp="16 Oct 2023 05:55:12 GMT" skipped="0">
  <testcase classname="testNgxample.BeforeAfterTest" name="Test1" time="0.004"/>
  <testcase classname="testNgxample.BeforeAfterTest" name="Test2" time="0.003"/>
</testsuite> <!-- testNgxample.BeforeAfterTest -->
