<?xml version="1.0" encoding="UTF-8"?>
<!-- Generated by org.testng.reporters.JUnitReportReporter -->
<testsuite hostname="DESKTOP-LIHQ7GQ" failures="0" tests="2" name="testNgxample.DependsOnMethodsEx" time="0.004" errors="0" timestamp="2023-10-24T22:43:06 IST" skipped="0">
  <testcase classname="testNgxample.DependsOnMethodsEx" name="Testcase2" time="0.002"/>
  <testcase classname="testNgxample.DependsOnMethodsEx" name="Testcase1" time="0.002"/>
</testsuite> <!-- testNgxample.DependsOnMethodsEx -->
