<?xml version="1.0" encoding="UTF-8"?>
<!-- Generated by org.testng.reporters.JUnitReportReporter -->
<testsuite hostname="DESKTOP-LIHQ7GQ" failures="0" tests="3" name="testNgxample.AssignQues5" time="80.401" errors="0" timestamp="2023-10-31T20:19:17 IST" skipped="0">
  <testcase classname="testNgxample.AssignQues5" name="loginDetails" time="21.290"/>
  <testcase classname="testNgxample.AssignQues5" name="loginDetails" time="13.582"/>
  <testcase classname="testNgxample.AssignQues5" name="loginDetails" time="45.529"/>
</testsuite> <!-- testNgxample.AssignQues5 -->
