<?xml version="1.0" encoding="UTF-8"?>
<!-- Generated by org.testng.reporters.JUnitReportReporter -->
<testsuite hostname="DESKTOP-LIHQ7GQ" failures="0" tests="2" name="testNgxample.BeforeAfterTestandMethod" time="0.020" errors="0" timestamp="2023-10-24T22:26:54 IST" skipped="0">
  <testcase classname="testNgxample.BeforeAfterTestandMethod" name="Test1" time="0.016"/>
  <testcase classname="testNgxample.BeforeAfterTestandMethod" name="Test2" time="0.004"/>
</testsuite> <!-- testNgxample.BeforeAfterTestandMethod -->
