<?xml version="1.0" encoding="UTF-8"?>
<!-- Generated by org.testng.reporters.JUnitReportReporter -->
<testsuite hostname="DESKTOP-LIHQ7GQ" failures="0" tests="1" name="testNgxample.SoftAssertExample" time="4.645" errors="0" timestamp="2023-10-24T22:43:06 IST" skipped="0">
  <testcase classname="testNgxample.SoftAssertExample" name="verifcationTitleText" time="4.645"/>
</testsuite> <!-- testNgxample.SoftAssertExample -->
