<?xml version="1.0" encoding="UTF-8"?>
<!-- Generated by org.testng.reporters.JUnitReportReporter -->
<testsuite hostname="DESKTOP-LIHQ7GQ" failures="0" tests="2" name="testNgxample.BeforeAfter" time="0.012" errors="0" timestamp="16 Oct 2023 06:00:07 GMT" skipped="0">
  <testcase classname="testNgxample.BeforeAfter" name="Test1" time="0.008"/>
  <testcase classname="testNgxample.BeforeAfter" name="Test2" time="0.004"/>
</testsuite> <!-- testNgxample.BeforeAfter -->
