<?xml version="1.0" encoding="UTF-8"?>
<!-- Generated by org.testng.reporters.JUnitReportReporter -->
<testsuite hostname="DESKTOP-LIHQ7GQ" failures="0" tests="2" name="testNgxample.AssignQues10" time="0.007" errors="0" timestamp="2023-10-24T22:43:06 IST" skipped="0">
  <testcase classname="testNgxample.AssignQues10" name="Test2" time="0.003"/>
  <testcase classname="testNgxample.AssignQues10" name="Test1" time="0.004"/>
</testsuite> <!-- testNgxample.AssignQues10 -->
