<?xml version="1.0" encoding="UTF-8"?>
<!-- Generated by org.testng.reporters.JUnitReportReporter -->
<testsuite hostname="DESKTOP-LIHQ7GQ" failures="0" tests="4" name="testNgxample.GroupsExample" time="0.014" errors="0" timestamp="2023-10-24T22:43:06 IST" skipped="0">
  <testcase classname="testNgxample.GroupsExample" name="aTest4" time="0.002"/>
  <testcase classname="testNgxample.GroupsExample" name="bTest3" time="0.005"/>
  <testcase classname="testNgxample.GroupsExample" name="aTest1" time="0.004"/>
  <testcase classname="testNgxample.GroupsExample" name="bTest2" time="0.003"/>
</testsuite> <!-- testNgxample.GroupsExample -->
