<?xml version="1.0" encoding="UTF-8"?>
<!-- Generated by org.testng.reporters.JUnitReportReporter -->
<testsuite hostname="DESKTOP-LIHQ7GQ" failures="0" tests="2" name="testNgxample.AssertExample" time="10.365" errors="0" timestamp="2023-10-24T22:43:06 IST" skipped="0">
  <testcase classname="testNgxample.AssertExample" name="titleTest1" time="5.479"/>
  <testcase classname="testNgxample.AssertExample" name="titleTest2" time="4.886"/>
</testsuite> <!-- testNgxample.AssertExample -->
