<?xml version="1.0" encoding="UTF-8"?>
<!-- Generated by org.testng.reporters.JUnitReportReporter -->
<testsuite hostname="DESKTOP-LIHQ7GQ" failures="0" tests="3" name="testNgxample.PriorityExample" time="0.009" errors="0" timestamp="2023-10-24T22:43:06 IST" skipped="0">
  <testcase classname="testNgxample.PriorityExample" name="homepage" time="0.002"/>
  <testcase classname="testNgxample.PriorityExample" name="bloginTest" time="0.003"/>
  <testcase classname="testNgxample.PriorityExample" name="alogoutTest" time="0.004"/>
</testsuite> <!-- testNgxample.PriorityExample -->
