<?xml version="1.0" encoding="UTF-8"?>
<!-- Generated by org.testng.reporters.JUnitReportReporter -->
<testsuite hostname="DESKTOP-LIHQ7GQ" failures="0" tests="3" name="testNgxample.SkipTestExample" time="0.003" errors="0" timestamp="2023-10-24T22:43:06 IST" skipped="3">
  <testcase classname="testNgxample.SkipTestExample" name="skipTest2" time="0.001">
    <skipped/>
  </testcase> <!-- skipTest2 -->
  <testcase classname="testNgxample.SkipTestExample" name="skipTest3" time="0.002">
    <skipped/>
  </testcase> <!-- skipTest3 -->
  <testcase classname="testNgxample.SkipTestExample" name="skipTest1">
    <skipped/>
  </testcase> <!-- skipTest1 -->
</testsuite> <!-- testNgxample.SkipTestExample -->
