<?xml version="1.0" encoding="UTF-8"?>
<!-- Generated by org.testng.reporters.JUnitReportReporter -->
<testsuite hostname="DESKTOP-LIHQ7GQ" failures="0" tests="2" name="testNgxample.AllAnnotationExample" time="0.009" errors="0" timestamp="2023-10-24T22:43:06 IST" skipped="0">
  <testcase classname="testNgxample.AllAnnotationExample" name="Test1" time="0.007"/>
  <testcase classname="testNgxample.AllAnnotationExample" name="Test2" time="0.002"/>
</testsuite> <!-- testNgxample.AllAnnotationExample -->
