<?xml version="1.0" encoding="UTF-8"?>
<!-- Generated by org.testng.reporters.JUnitReportReporter -->
<testsuite hostname="DESKTOP-LIHQ7GQ" failures="0" tests="3" name="testNgxample.AssignQues11" time="0.014" errors="0" timestamp="2023-10-24T22:43:06 IST" skipped="1">
  <testcase classname="testNgxample.AssignQues11" name="testCase1" time="0.003"/>
  <testcase classname="testNgxample.AssignQues11" name="testCase2" time="0.007">
    <skipped/>
  </testcase> <!-- testCase2 -->
  <testcase classname="testNgxample.AssignQues11" name="testCase3" time="0.004"/>
</testsuite> <!-- testNgxample.AssignQues11 -->
