<?xml version="1.0" encoding="UTF-8"?>
<!-- Generated by org.testng.reporters.JUnitReportReporter -->
<testsuite hostname="DESKTOP-LIHQ7GQ" failures="0" tests="1" name="testNgxample.HardAssertNotReccomanded" time="9.330" errors="0" timestamp="2023-10-24T22:43:06 IST" skipped="0">
  <testcase classname="testNgxample.HardAssertNotReccomanded" name="titleandTextVerification" time="9.330"/>
</testsuite> <!-- testNgxample.HardAssertNotReccomanded -->
