<?xml version="1.0" encoding="UTF-8"?>
<!-- Generated by org.testng.reporters.JUnitReportReporter -->
<testsuite hostname="DESKTOP-LIHQ7GQ" failures="0" tests="7" name="testNgxample.DataProviderWekipedia" time="67.799" errors="0" timestamp="2023-10-26T20:35:05 IST" skipped="0">
  <testcase classname="testNgxample.DataProviderWekipedia" name="searchCountry" time="9.100"/>
  <testcase classname="testNgxample.DataProviderWekipedia" name="searchCountry" time="11.364"/>
  <testcase classname="testNgxample.DataProviderWekipedia" name="searchCountry" time="5.307"/>
  <testcase classname="testNgxample.DataProviderWekipedia" name="searchCountry" time="11.123"/>
  <testcase classname="testNgxample.DataProviderWekipedia" name="searchCountry" time="11.223"/>
  <testcase classname="testNgxample.DataProviderWekipedia" name="searchCountry" time="9.069"/>
  <testcase classname="testNgxample.DataProviderWekipedia" name="searchCountry" time="10.613"/>
</testsuite> <!-- testNgxample.DataProviderWekipedia -->
